# JRE version: Java(TM) SE Runtime Environment (8.0_181-b13) (build 1.8.0_181-b13)
# Java VM: Java HotSpot(TM) 64-Bit Server VM (25.181-b13 mixed mode windows-amd64 compressed oops)
Heap:
 PSYoungGen      total 224256K, used 113180K [0x00000000d5e00000, 0x00000000e4980000, 0x0000000100000000)
  eden space 208384K, 54% used [0x00000000d5e00000,0x00000000dcc87008,0x00000000e2980000)
  from space 15872K, 0% used [0x00000000e3800000,0x00000000e3800000,0x00000000e4780000)
  to   space 14848K, 0% used [0x00000000e2980000,0x00000000e2980000,0x00000000e3800000)
 ParOldGen       total 58880K, used 22538K [0x0000000081a00000, 0x0000000085380000, 0x00000000d5e00000)
  object space 58880K, 38% used [0x0000000081a00000,0x0000000083002b90,0x0000000085380000)
 Metaspace       used 46625K, capacity 48724K, committed 48984K, reserved 1091584K
  class space    used 6138K, capacity 6728K, committed 6744K, reserved 1048576K
GC Heap History (10 events):
Event: 3.104 GC heap before
{Heap before GC invocations=4 (full 0):
 PSYoungGen      total 71680K, used 38135K [0x00000000d5e00000, 0x00000000dea00000, 0x0000000100000000)
  eden space 66560K, 49% used [0x00000000d5e00000,0x00000000d7e454a8,0x00000000d9f00000)
  from space 5120K, 99% used [0x00000000d9f00000,0x00000000da3f87b0,0x00000000da400000)
  to   space 5120K, 0% used [0x00000000de500000,0x00000000de500000,0x00000000dea00000)
 ParOldGen       total 87552K, used 3631K [0x0000000081a00000, 0x0000000086f80000, 0x00000000d5e00000)
  object space 87552K, 4% used [0x0000000081a00000,0x0000000081d8bda8,0x0000000086f80000)
 Metaspace       used 20639K, capacity 21104K, committed 21248K, reserved 1067008K
  class space    used 2617K, capacity 2750K, committed 2816K, reserved 1048576K
Event: 3.116 GC heap after
Heap after GC invocations=4 (full 0):
 PSYoungGen      total 138240K, used 5119K [0x00000000d5e00000, 0x00000000dea00000, 0x0000000100000000)
  eden space 133120K, 0% used [0x00000000d5e00000,0x00000000d5e00000,0x00000000de000000)
  from space 5120K, 99% used [0x00000000de500000,0x00000000de9ffd30,0x00000000dea00000)
  to   space 5120K, 0% used [0x00000000de000000,0x00000000de000000,0x00000000de500000)
 ParOldGen       total 87552K, used 6368K [0x0000000081a00000, 0x0000000086f80000, 0x00000000d5e00000)
  object space 87552K, 7% used [0x0000000081a00000,0x00000000820382f0,0x0000000086f80000)
 Metaspace       used 20639K, capacity 21104K, committed 21248K, reserved 1067008K
  class space    used 2617K, capacity 2750K, committed 2816K, reserved 1048576K
}
Event: 3.116 GC heap before
{Heap before GC invocations=5 (full 1):
 PSYoungGen      total 138240K, used 5119K [0x00000000d5e00000, 0x00000000dea00000, 0x0000000100000000)
  eden space 133120K, 0% used [0x00000000d5e00000,0x00000000d5e00000,0x00000000de000000)
  from space 5120K, 99% used [0x00000000de500000,0x00000000de9ffd30,0x00000000dea00000)
  to   space 5120K, 0% used [0x00000000de000000,0x00000000de000000,0x00000000de500000)
 ParOldGen       total 87552K, used 6368K [0x0000000081a00000, 0x0000000086f80000, 0x00000000d5e00000)
  object space 87552K, 7% used [0x0000000081a00000,0x00000000820382f0,0x0000000086f80000)
 Metaspace       used 20639K, capacity 21104K, committed 21248K, reserved 1067008K
  class space    used 2617K, capacity 2750K, committed 2816K, reserved 1048576K
Event: 3.163 GC heap after
Heap after GC invocations=5 (full 1):
 PSYoungGen      total 138240K, used 0K [0x00000000d5e00000, 0x00000000dea00000, 0x0000000100000000)
  eden space 133120K, 0% used [0x00000000d5e00000,0x00000000d5e00000,0x00000000de000000)
  from space 5120K, 0% used [0x00000000de500000,0x00000000de500000,0x00000000dea00000)
  to   space 5120K, 0% used [0x00000000de000000,0x00000000de000000,0x00000000de500000)
 ParOldGen       total 58880K, used 7687K [0x0000000081a00000, 0x0000000085380000, 0x00000000d5e00000)
  object space 58880K, 13% used [0x0000000081a00000,0x0000000082181e30,0x0000000085380000)
 Metaspace       used 20639K, capacity 21104K, committed 21248K, reserved 1067008K
  class space    used 2617K, capacity 2750K, committed 2816K, reserved 1048576K
}
Event: 6.978 GC heap before
{Heap before GC invocations=6 (full 1):
 PSYoungGen      total 138240K, used 133120K [0x00000000d5e00000, 0x00000000dea00000, 0x0000000100000000)
  eden space 133120K, 100% used [0x00000000d5e00000,0x00000000de000000,0x00000000de000000)
  from space 5120K, 0% used [0x00000000de500000,0x00000000de500000,0x00000000dea00000)
  to   space 5120K, 0% used [0x00000000de000000,0x00000000de000000,0x00000000de500000)
 ParOldGen       total 58880K, used 7717K [0x0000000081a00000, 0x0000000085380000, 0x00000000d5e00000)
  object space 58880K, 13% used [0x0000000081a00000,0x00000000821897d0,0x0000000085380000)
 Metaspace       used 31785K, capacity 33052K, committed 33280K, reserved 1079296K
  class space    used 4060K, capacity 4308K, committed 4352K, reserved 1048576K
Event: 6.992 GC heap after
Heap after GC invocations=6 (full 1):
 PSYoungGen      total 138240K, used 5103K [0x00000000d5e00000, 0x00000000e4780000, 0x0000000100000000)
  eden space 133120K, 0% used [0x00000000d5e00000,0x00000000d5e00000,0x00000000de000000)
  from space 5120K, 99% used [0x00000000de000000,0x00000000de4fbc60,0x00000000de500000)
  to   space 15872K, 0% used [0x00000000e3800000,0x00000000e3800000,0x00000000e4780000)
 ParOldGen       total 58880K, used 18804K [0x0000000081a00000, 0x0000000085380000, 0x00000000d5e00000)
  object space 58880K, 31% used [0x0000000081a00000,0x0000000082c5d150,0x0000000085380000)
 Metaspace       used 31785K, capacity 33052K, committed 33280K, reserved 1079296K
  class space    used 4060K, capacity 4308K, committed 4352K, reserved 1048576K
}
Event: 7.342 GC heap before
{Heap before GC invocations=7 (full 1):
 PSYoungGen      total 138240K, used 37145K [0x00000000d5e00000, 0x00000000e4780000, 0x0000000100000000)
  eden space 133120K, 24% used [0x00000000d5e00000,0x00000000d7d4a7a0,0x00000000de000000)
  from space 5120K, 99% used [0x00000000de000000,0x00000000de4fbc60,0x00000000de500000)
  to   space 15872K, 0% used [0x00000000e3800000,0x00000000e3800000,0x00000000e4780000)
 ParOldGen       total 58880K, used 18804K [0x0000000081a00000, 0x0000000085380000, 0x00000000d5e00000)
  object space 58880K, 31% used [0x0000000081a00000,0x0000000082c5d150,0x0000000085380000)
 Metaspace       used 34008K, capacity 35318K, committed 35416K, reserved 1079296K
  class space    used 4328K, capacity 4615K, committed 4696K, reserved 1048576K
Event: 7.353 GC heap after
Heap after GC invocations=7 (full 1):
 PSYoungGen      total 224256K, used 7633K [0x00000000d5e00000, 0x00000000e4980000, 0x0000000100000000)
  eden space 208384K, 0% used [0x00000000d5e00000,0x00000000d5e00000,0x00000000e2980000)
  from space 15872K, 48% used [0x00000000e3800000,0x00000000e3f746d8,0x00000000e4780000)
  to   space 14848K, 0% used [0x00000000e2980000,0x00000000e2980000,0x00000000e3800000)
 ParOldGen       total 58880K, used 18876K [0x0000000081a00000, 0x0000000085380000, 0x00000000d5e00000)
  object space 58880K, 32% used [0x0000000081a00000,0x0000000082c6f160,0x0000000085380000)
 Metaspace       used 34008K, capacity 35318K, committed 35416K, reserved 1079296K
  class space    used 4328K, capacity 4615K, committed 4696K, reserved 1048576K
}
Event: 7.353 GC heap before
{Heap before GC invocations=8 (full 2):
 PSYoungGen      total 224256K, used 7633K [0x00000000d5e00000, 0x00000000e4980000, 0x0000000100000000)
  eden space 208384K, 0% used [0x00000000d5e00000,0x00000000d5e00000,0x00000000e2980000)
  from space 15872K, 48% used [0x00000000e3800000,0x00000000e3f746d8,0x00000000e4780000)
  to   space 14848K, 0% used [0x00000000e2980000,0x00000000e2980000,0x00000000e3800000)
 ParOldGen       total 58880K, used 18876K [0x0000000081a00000, 0x0000000085380000, 0x00000000d5e00000)
  object space 58880K, 32% used [0x0000000081a00000,0x0000000082c6f160,0x0000000085380000)
 Metaspace       used 34008K, capacity 35318K, committed 35416K, reserved 1079296K
  class space    used 4328K, capacity 4615K, committed 4696K, reserved 1048576K
Event: 7.433 GC heap after
Heap after GC invocations=8 (full 2):
 PSYoungGen      total 224256K, used 0K [0x00000000d5e00000, 0x00000000e4980000, 0x0000000100000000)
  eden space 208384K, 0% used [0x00000000d5e00000,0x00000000d5e00000,0x00000000e2980000)
  from space 15872K, 0% used [0x00000000e3800000,0x00000000e3800000,0x00000000e4780000)
  to   space 14848K, 0% used [0x00000000e2980000,0x00000000e2980000,0x00000000e3800000)
 ParOldGen       total 58880K, used 22538K [0x0000000081a00000, 0x0000000085380000, 0x00000000d5e00000)
  object space 58880K, 38% used [0x0000000081a00000,0x0000000083002b90,0x0000000085380000)
 Metaspace       used 34008K, capacity 35318K, committed 35416K, reserved 1079296K
  class space    used 4328K, capacity 4615K, committed 4696K, reserved 1048576K
}

